{
  "RSpec": {
    "coverage": {
      "/Users/drewreynolds/Documents/Turing/4Module/final_assessment/app/helpers/application_helper.rb": [
        1,
        null
      ],
      "/Users/drewreynolds/Documents/Turing/4Module/final_assessment/app/helpers/rides_helper.rb": [
        1,
        null
      ],
      "/Users/drewreynolds/Documents/Turing/4Module/final_assessment/app/helpers/sessions_helper.rb": [
        1,
        null
      ],
      "/Users/drewreynolds/Documents/Turing/4Module/final_assessment/app/helpers/users_helper.rb": [
        1,
        null
      ],
      "/Users/drewreynolds/Documents/Turing/4Module/final_assessment/app/helpers/welcome_helper.rb": [
        1,
        null
      ],
      "/Users/drewreynolds/Documents/Turing/4Module/final_assessment/app/controllers/rides_controller.rb": [
        1,
        null
      ],
      "/Users/drewreynolds/Documents/Turing/4Module/final_assessment/app/controllers/application_controller.rb": [
        1,
        null,
        null,
        1,
        null,
        1,
        36,
        null,
        null,
        1,
        2,
        0,
        null,
        null,
        null,
        1,
        null
      ],
      "/Users/drewreynolds/Documents/Turing/4Module/final_assessment/app/controllers/sessions_controller.rb": [
        1,
        1,
        5,
        5,
        0,
        0,
        null,
        5,
        5,
        null,
        null,
        null,
        1,
        0,
        0,
        0,
        null,
        null
      ],
      "/Users/drewreynolds/Documents/Turing/4Module/final_assessment/app/controllers/users_controller.rb": [
        1,
        1,
        null,
        1,
        1,
        null,
        null,
        1,
        1,
        1,
        1,
        1,
        1,
        null,
        0,
        0,
        null,
        null,
        null,
        1,
        1,
        null,
        null,
        1,
        1,
        1,
        1,
        1,
        1,
        1,
        null,
        0,
        0,
        null,
        null,
        null,
        1,
        null,
        null,
        1,
        null,
        1,
        1,
        null,
        null,
        1,
        1,
        null,
        null
      ],
      "/Users/drewreynolds/Documents/Turing/4Module/final_assessment/app/controllers/welcome_controller.rb": [
        1,
        1,
        null,
        null
      ],
      "/Users/drewreynolds/Documents/Turing/4Module/final_assessment/app/models/ride.rb": [
        1,
        null
      ],
      "/Users/drewreynolds/Documents/Turing/4Module/final_assessment/app/models/user.rb": [
        1,
        1,
        1,
        1,
        1,
        1,
        null,
        1,
        null,
        null
      ]
    },
    "timestamp": 1443568356
  }
}
