{
  "RSpec": {
    "coverage": {
      "/Users/drewreynolds/Documents/Turing/4Module/final_assessment/app/helpers/application_helper.rb": [
        1,
        null
      ],
      "/Users/drewreynolds/Documents/Turing/4Module/final_assessment/app/helpers/rides_helper.rb": [
        1,
        null
      ],
      "/Users/drewreynolds/Documents/Turing/4Module/final_assessment/app/helpers/sessions_helper.rb": [
        1,
        null
      ],
      "/Users/drewreynolds/Documents/Turing/4Module/final_assessment/app/helpers/users_helper.rb": [
        1,
        null
      ],
      "/Users/drewreynolds/Documents/Turing/4Module/final_assessment/app/helpers/welcome_helper.rb": [
        1,
        null
      ],
      "/Users/drewreynolds/Documents/Turing/4Module/final_assessment/app/controllers/rides_controller.rb": [
        1,
        1,
        null,
        1,
        1,
        null,
        null,
        1,
        1,
        1,
        1,
        1,
        1,
        1,
        null,
        0,
        0,
        null,
        null,
        null,
        1,
        3,
        3,
        3,
        1,
        null,
        3,
        null,
        null,
        1,
        null,
        1,
        1,
        null,
        null
      ],
      "/Users/drewreynolds/Documents/Turing/4Module/final_assessment/app/controllers/application_controller.rb": [
        1,
        null,
        null,
        1,
        null,
        1,
        143,
        null,
        null,
        1,
        11,
        null,
        null,
        1,
        7,
        null,
        null,
        1,
        6,
        null,
        null,
        1,
        10,
        null,
        null,
        1,
        10,
        0,
        null,
        null,
        null,
        1,
        5,
        0,
        null,
        null,
        null,
        1,
        1,
        1,
        1,
        1,
        null
      ],
      "/Users/drewreynolds/Documents/Turing/4Module/final_assessment/app/controllers/sessions_controller.rb": [
        1,
        1,
        7,
        7,
        4,
        4,
        null,
        3,
        3,
        null,
        null,
        null,
        1,
        1,
        1,
        1,
        null,
        null
      ],
      "/Users/drewreynolds/Documents/Turing/4Module/final_assessment/app/controllers/users_controller.rb": [
        1,
        1,
        null,
        1,
        1,
        null,
        null,
        1,
        1,
        1,
        1,
        1,
        1,
        null,
        0,
        0,
        null,
        null,
        null,
        1,
        1,
        null,
        null,
        1,
        1,
        1,
        1,
        1,
        1,
        1,
        null,
        0,
        0,
        null,
        null,
        null,
        1,
        null,
        null,
        1,
        null,
        1,
        1,
        null,
        null,
        1,
        1,
        null,
        null
      ],
      "/Users/drewreynolds/Documents/Turing/4Module/final_assessment/app/controllers/welcome_controller.rb": [
        1,
        1,
        null,
        null
      ],
      "/Users/drewreynolds/Documents/Turing/4Module/final_assessment/app/models/user.rb": [
        1,
        1,
        1,
        1,
        1,
        null,
        1,
        null,
        null
      ],
      "/Users/drewreynolds/Documents/Turing/4Module/final_assessment/app/models/ride.rb": [
        1,
        null,
        1,
        null,
        1,
        null,
        1,
        2,
        null,
        null,
        1,
        15,
        7,
        8,
        5,
        3,
        3,
        null,
        null,
        null,
        1,
        7,
        null,
        null,
        1,
        5,
        null,
        null,
        1,
        3,
        null,
        null,
        1,
        2,
        null,
        null,
        1,
        2,
        null,
        null,
        1,
        3,
        3,
        3,
        null,
        null,
        1,
        3,
        3,
        3,
        null,
        null,
        1,
        3,
        3,
        null,
        null,
        1,
        3,
        3,
        null,
        null
      ]
    },
    "timestamp": 1443637656
  }
}
